TN:
SF:src/App.vue
FN:10,(anonymous_0)
FN:13,isLoggedIn
FN:38,render
FN:41,(anonymous_3)
FN:48,(anonymous_4)
FNF:5
FNH:5
FNDA:5,(anonymous_0)
FNDA:5,isLoggedIn
FNDA:5,render
FNDA:10,(anonymous_3)
FNDA:10,(anonymous_4)
DA:3,1
DA:6,1
DA:7,1
DA:8,1
DA:11,5
DA:12,5
DA:14,5
DA:15,5
DA:16,0
DA:17,0
DA:18,0
DA:20,5
DA:23,5
DA:24,5
DA:27,5
DA:31,5
DA:35,1
DA:36,1
DA:37,1
DA:39,5
DA:40,5
DA:42,10
DA:43,10
DA:48,10
DA:58,1
DA:59,1
LF:26
LH:23
BRDA:15,0,0,0
BRDA:15,0,1,5
BRF:2
BRH:1
end_of_record
TN:
SF:src/components/ProductCard.vue
FN:16,(anonymous_0)
FN:17,(anonymous_1)
FN:34,render
FNF:3
FNH:3
FNDA:20,(anonymous_0)
FNDA:20,(anonymous_1)
FNDA:20,render
DA:3,1
DA:6,1
DA:7,1
DA:17,20
DA:18,20
DA:23,1
DA:24,1
DA:25,1
DA:26,1
DA:27,1
DA:31,1
DA:32,1
DA:33,1
DA:35,20
DA:58,1
DA:59,1
LF:16
LH:16
BRDA:35,0,0,20
BRDA:35,0,1,0
BRF:2
BRH:1
end_of_record
TN:
SF:src/components/TestGetApi.vue
FN:5,(anonymous_0)
FN:6,adopt
FN:7,(anonymous_2)
FN:11,(anonymous_3)
FN:12,fulfilled
FN:19,rejected
FN:26,step
FN:32,(anonymous_7)
FN:35,(anonymous_8)
FN:50,(anonymous_9)
FN:53,verb
FN:54,(anonymous_11)
FN:58,step
FN:128,(anonymous_13)
FN:136,(anonymous_14)
FN:139,login
FN:140,(anonymous_16)
FN:141,(anonymous_17)
FN:158,logout
FN:185,render
FN:195,(anonymous_20)
FN:210,(anonymous_21)
FNF:22
FNH:0
FNDA:0,(anonymous_0)
FNDA:0,adopt
FNDA:0,(anonymous_2)
FNDA:0,(anonymous_3)
FNDA:0,fulfilled
FNDA:0,rejected
FNDA:0,step
FNDA:0,(anonymous_7)
FNDA:0,(anonymous_8)
FNDA:0,(anonymous_9)
FNDA:0,verb
FNDA:0,(anonymous_11)
FNDA:0,step
FNDA:0,(anonymous_13)
FNDA:0,(anonymous_14)
FNDA:0,login
FNDA:0,(anonymous_16)
FNDA:0,(anonymous_17)
FNDA:0,logout
FNDA:0,render
FNDA:0,(anonymous_20)
FNDA:0,(anonymous_21)
DA:5,0
DA:7,0
DA:8,0
DA:11,0
DA:13,0
DA:14,0
DA:16,0
DA:20,0
DA:21,0
DA:23,0
DA:27,0
DA:29,0
DA:32,0
DA:33,0
DA:36,0
DA:37,0
DA:46,0
DA:51,0
DA:54,0
DA:55,0
DA:59,0
DA:60,0
DA:61,0
DA:62,0
DA:63,0
DA:66,0
DA:67,0
DA:69,0
DA:70,0
DA:75,0
DA:76,0
DA:77,0
DA:78,0
DA:80,0
DA:81,0
DA:82,0
DA:84,0
DA:85,0
DA:86,0
DA:88,0
DA:89,0
DA:90,0
DA:92,0
DA:93,0
DA:94,0
DA:95,0
DA:97,0
DA:98,0
DA:99,0
DA:100,0
DA:102,0
DA:103,0
DA:104,0
DA:106,0
DA:108,0
DA:109,0
DA:111,0
DA:113,0
DA:114,0
DA:120,0
DA:123,0
DA:124,0
DA:125,0
DA:126,0
DA:129,0
DA:130,0
DA:131,0
DA:132,0
DA:136,0
DA:137,0
DA:140,0
DA:141,0
DA:142,0
DA:144,0
DA:149,0
DA:150,0
DA:151,0
DA:152,0
DA:159,0
DA:161,0
DA:168,0
DA:172,0
DA:176,0
DA:177,0
DA:178,0
DA:179,0
DA:180,0
DA:181,0
DA:182,0
DA:183,0
DA:184,0
DA:186,0
DA:195,0
DA:210,0
DA:230,0
DA:231,0
LF:96
LH:0
BRDA:5,0,0,0
BRDA:5,0,1,0
BRDA:5,0,2,0
BRDA:7,1,0,0
BRDA:7,1,1,0
BRDA:11,2,0,0
BRDA:11,2,1,0
BRDA:27,3,0,0
BRDA:27,3,1,0
BRDA:29,4,0,0
BRDA:29,4,1,0
BRDA:32,5,0,0
BRDA:32,5,1,0
BRDA:32,5,2,0
BRDA:36,6,0,0
BRDA:36,6,1,0
BRDA:50,7,0,0
BRDA:50,7,1,0
BRDA:59,8,0,0
BRDA:59,8,1,0
BRDA:61,9,0,0
BRDA:61,9,1,0
BRDA:61,10,0,0
BRDA:61,10,1,0
BRDA:61,10,2,0
BRDA:61,11,0,0
BRDA:61,11,1,0
BRDA:61,12,0,0
BRDA:61,12,1,0
BRDA:61,13,0,0
BRDA:61,13,1,0
BRDA:61,14,0,0
BRDA:61,14,1,0
BRDA:62,15,0,0
BRDA:62,15,1,0
BRDA:63,16,0,0
BRDA:63,16,1,0
BRDA:63,16,2,0
BRDA:63,16,3,0
BRDA:63,16,4,0
BRDA:63,16,5,0
BRDA:84,17,0,0
BRDA:84,17,1,0
BRDA:84,18,0,0
BRDA:84,18,1,0
BRDA:84,18,2,0
BRDA:84,19,0,0
BRDA:84,19,1,0
BRDA:88,20,0,0
BRDA:88,20,1,0
BRDA:88,21,0,0
BRDA:88,21,1,0
BRDA:88,21,2,0
BRDA:88,21,3,0
BRDA:92,22,0,0
BRDA:92,22,1,0
BRDA:92,23,0,0
BRDA:92,23,1,0
BRDA:97,24,0,0
BRDA:97,24,1,0
BRDA:97,25,0,0
BRDA:97,25,1,0
BRDA:102,26,0,0
BRDA:102,26,1,0
BRDA:113,27,0,0
BRDA:113,27,1,0
BRDA:115,28,0,0
BRDA:115,28,1,0
BRDA:142,29,0,0
BRDA:142,29,1,0
BRDA:187,30,0,0
BRDA:187,30,1,0
BRDA:195,31,0,0
BRDA:195,31,1,0
BRDA:210,32,0,0
BRDA:210,32,1,0
BRF:76
BRH:0
end_of_record
TN:
SF:src/components/TheCards.vue
FN:12,render
FNF:1
FNH:1
FNDA:1,render
DA:2,1
DA:3,1
DA:4,1
DA:5,1
DA:6,1
DA:7,1
DA:8,1
DA:9,1
DA:13,1
DA:15,1
DA:16,1
LF:11
LH:11
BRF:0
BRH:0
end_of_record
TN:
SF:src/components/TheCarousel.vue
FN:12,(anonymous_0)
FN:27,(anonymous_1)
FN:30,(anonymous_2)
FN:37,(anonymous_3)
FN:40,(anonymous_4)
FN:49,(anonymous_5)
FN:52,(anonymous_6)
FN:55,(anonymous_7)
FN:58,(anonymous_8)
FN:84,render
FN:91,(anonymous_10)
FN:93,(anonymous_11)
FN:99,(anonymous_12)
FN:100,(anonymous_13)
FN:102,(anonymous_14)
FNF:15
FNH:14
FNDA:1,(anonymous_0)
FNDA:1,(anonymous_1)
FNDA:1,(anonymous_2)
FNDA:1,(anonymous_3)
FNDA:1,(anonymous_4)
FNDA:2,(anonymous_5)
FNDA:6,(anonymous_6)
FNDA:2,(anonymous_7)
FNDA:2,(anonymous_8)
FNDA:2,render
FNDA:0,(anonymous_10)
FNDA:2,(anonymous_11)
FNDA:2,(anonymous_12)
FNDA:6,(anonymous_13)
FNDA:18,(anonymous_14)
DA:3,1
DA:6,1
DA:7,1
DA:8,1
DA:9,1
DA:10,1
DA:13,1
DA:14,1
DA:15,1
DA:25,1
DA:26,1
DA:27,1
DA:28,1
DA:30,1
DA:31,1
DA:32,1
DA:34,0
DA:37,1
DA:38,1
DA:40,1
DA:41,1
DA:43,1
DA:50,2
DA:53,6
DA:56,2
DA:59,2
DA:62,1
DA:66,1
DA:70,1
DA:71,1
DA:72,1
DA:73,1
DA:74,1
DA:75,1
DA:76,1
DA:80,1
DA:81,1
DA:85,2
DA:91,0
DA:93,2
DA:99,2
DA:101,6
DA:102,18
DA:125,1
DA:126,1
LF:45
LH:43
BRDA:31,0,0,1
BRDA:31,0,1,0
BRDA:91,1,0,2
BRDA:91,1,1,1
BRDA:94,2,0,2
BRDA:94,2,1,0
BRDA:120,3,0,2
BRDA:120,3,1,0
BRF:8
BRH:5
end_of_record
TN:
SF:src/components/TheProductsContainer.vue
FN:5,(anonymous_0)
FN:20,(anonymous_1)
FN:26,(anonymous_2)
FN:40,(anonymous_3)
FN:49,(anonymous_4)
FN:60,render
FN:64,(anonymous_6)
FN:69,(anonymous_7)
FNF:8
FNH:8
FNDA:2,(anonymous_0)
FNDA:1,(anonymous_1)
FNDA:1,(anonymous_2)
FNDA:1,(anonymous_3)
FNDA:1,(anonymous_4)
FNDA:1,render
FNDA:3,(anonymous_6)
FNDA:12,(anonymous_7)
DA:5,1
DA:6,2
DA:10,1
DA:13,1
DA:14,1
DA:15,1
DA:16,1
DA:21,1
DA:27,1
DA:28,1
DA:29,1
DA:30,1
DA:31,1
DA:32,3
DA:33,3
DA:34,3
DA:36,1
DA:42,1
DA:43,1
DA:44,14
DA:45,14
DA:47,1
DA:50,1
DA:54,1
DA:55,1
DA:56,1
DA:57,1
DA:58,1
DA:59,1
DA:61,1
DA:62,1
DA:65,3
DA:70,12
DA:83,1
DA:84,1
LF:35
LH:35
BRDA:5,0,0,1
BRDA:5,0,1,1
BRDA:5,0,2,1
BRDA:6,1,0,1
BRDA:6,1,1,1
BRDA:6,2,0,2
BRDA:6,2,1,2
BRDA:50,3,0,1
BRDA:50,3,1,0
BRF:9
BRH:8
end_of_record
TN:
SF:src/components/ThePromotionsContainer.vue
FN:3,(anonymous_0)
FN:18,(anonymous_1)
FN:24,(anonymous_2)
FN:26,(anonymous_3)
FN:48,render
FN:53,(anonymous_5)
FNF:6
FNH:6
FNDA:2,(anonymous_0)
FNDA:1,(anonymous_1)
FNDA:1,(anonymous_2)
FNDA:15,(anonymous_3)
FNDA:1,render
FNDA:4,(anonymous_5)
DA:3,1
DA:4,2
DA:8,1
DA:11,1
DA:12,1
DA:13,1
DA:14,1
DA:19,1
DA:26,1
DA:27,15
DA:29,1
DA:30,1
DA:31,5
DA:32,5
DA:34,1
DA:38,1
DA:39,1
DA:40,1
DA:41,1
DA:42,1
DA:43,1
DA:47,1
DA:49,1
DA:50,1
DA:54,4
DA:66,1
DA:67,1
LF:27
LH:27
BRDA:3,0,0,1
BRDA:3,0,1,1
BRDA:3,0,2,1
BRDA:4,1,0,1
BRDA:4,1,1,1
BRDA:4,2,0,2
BRDA:4,2,1,2
BRF:7
BRH:7
end_of_record
TN:
SF:src/components/TheReviewsContainer.vue
FN:8,(anonymous_0)
FN:40,(anonymous_1)
FN:45,(anonymous_2)
FN:46,(anonymous_3)
FN:77,render
FN:82,(anonymous_5)
FN:92,(anonymous_6)
FNF:7
FNH:6
FNDA:1,(anonymous_0)
FNDA:6,(anonymous_1)
FNDA:1,(anonymous_2)
FNDA:5,(anonymous_3)
FNDA:1,render
FNDA:0,(anonymous_5)
FNDA:5,(anonymous_6)
DA:3,1
DA:6,1
DA:7,1
DA:9,1
DA:41,6
DA:42,6
DA:43,6
DA:46,1
DA:47,5
DA:49,1
DA:50,1
DA:54,1
DA:55,1
DA:56,1
DA:57,1
DA:58,1
DA:59,1
DA:60,1
DA:61,1
DA:62,1
DA:63,1
DA:67,1
DA:68,1
DA:69,1
DA:70,1
DA:71,1
DA:72,1
DA:73,1
DA:74,1
DA:75,1
DA:76,1
DA:78,1
DA:82,0
DA:93,5
DA:108,1
DA:109,1
LF:36
LH:35
BRDA:82,0,0,1
BRDA:82,0,1,1
BRF:2
BRH:2
end_of_record
TN:
SF:src/components/TheTopContainer.vue
FN:3,(anonymous_0)
FN:18,(anonymous_1)
FN:24,(anonymous_2)
FN:30,(anonymous_3)
FN:48,render
FN:53,(anonymous_5)
FNF:6
FNH:6
FNDA:2,(anonymous_0)
FNDA:1,(anonymous_1)
FNDA:1,(anonymous_2)
FNDA:1,(anonymous_3)
FNDA:1,render
FNDA:4,(anonymous_5)
DA:3,1
DA:4,2
DA:8,1
DA:11,1
DA:12,1
DA:13,1
DA:14,1
DA:19,1
DA:25,1
DA:26,1
DA:32,1
DA:33,1
DA:34,14
DA:35,14
DA:37,1
DA:41,1
DA:42,1
DA:43,1
DA:44,1
DA:45,1
DA:46,1
DA:47,1
DA:49,1
DA:50,1
DA:54,4
DA:66,1
DA:67,1
LF:27
LH:27
BRDA:3,0,0,1
BRDA:3,0,1,1
BRDA:3,0,2,1
BRDA:4,1,0,1
BRDA:4,1,1,1
BRDA:4,2,0,2
BRDA:4,2,1,2
BRF:7
BRH:7
end_of_record
TN:
SF:src/components/auth/registration/AddressCheckbox.vue
FN:16,(anonymous_0)
FN:20,isCheckboxTrue
FN:63,render
FNF:3
FNH:0
FNDA:0,(anonymous_0)
FNDA:0,isCheckboxTrue
FNDA:0,render
DA:3,0
DA:6,0
DA:7,0
DA:17,0
DA:18,0
DA:19,0
DA:21,0
DA:22,0
DA:24,0
DA:28,0
DA:32,0
DA:36,0
DA:37,0
DA:38,0
DA:39,0
DA:40,0
DA:41,0
DA:42,0
DA:59,0
DA:64,0
DA:77,0
DA:78,0
LF:22
LH:0
BRF:0
BRH:0
end_of_record
TN:
SF:src/components/auth/registration/HaveAnAccountForm.vue
FN:15,(anonymous_0)
FN:38,render
FN:47,(anonymous_2)
FN:60,(anonymous_3)
FNF:4
FNH:0
FNDA:0,(anonymous_0)
FNDA:0,render
FNDA:0,(anonymous_2)
FNDA:0,(anonymous_3)
DA:3,0
DA:6,0
DA:7,0
DA:16,0
DA:17,0
DA:18,0
DA:19,0
DA:23,0
DA:27,0
DA:28,0
DA:29,0
DA:30,0
DA:34,0
DA:39,0
DA:40,0
DA:47,0
DA:60,0
DA:68,0
DA:69,0
LF:19
LH:0
BRDA:40,0,0,0
BRDA:40,0,1,0
BRDA:53,1,0,0
BRDA:53,1,1,0
BRF:4
BRH:0
end_of_record
TN:
SF:src/components/auth/registration/HeaderSecondStep.vue
FN:12,render
FNF:1
FNH:1
FNDA:1,render
DA:2,1
DA:3,1
DA:4,1
DA:5,1
DA:6,1
DA:7,1
DA:8,1
DA:13,1
DA:15,1
DA:16,1
LF:10
LH:10
BRF:0
BRH:0
end_of_record
TN:
SF:src/components/auth/registration/SelectForm.vue
FN:21,(anonymous_0)
FN:26,selectOption
FN:30,hideSelect
FN:56,render
FN:61,(anonymous_4)
FN:69,(anonymous_5)
FN:73,(anonymous_6)
FNF:7
FNH:0
FNDA:0,(anonymous_0)
FNDA:0,selectOption
FNDA:0,hideSelect
FNDA:0,render
FNDA:0,(anonymous_4)
FNDA:0,(anonymous_5)
FNDA:0,(anonymous_6)
DA:3,0
DA:6,0
DA:7,0
DA:8,0
DA:22,0
DA:23,0
DA:24,0
DA:25,0
DA:27,0
DA:28,0
DA:31,0
DA:33,0
DA:39,0
DA:43,0
DA:47,0
DA:48,0
DA:49,0
DA:50,0
DA:51,0
DA:55,0
DA:57,0
DA:58,0
DA:61,0
DA:70,0
DA:73,0
DA:80,0
DA:81,0
LF:27
LH:0
BRDA:61,0,0,0
BRDA:61,0,1,0
BRDA:67,1,0,0
BRDA:67,1,1,0
BRF:4
BRH:0
end_of_record
TN:
SF:src/components/auth/registration/VSetDefaultButtons.vue
FN:15,(anonymous_0)
FN:51,render
FNF:2
FNH:0
FNDA:0,(anonymous_0)
FNDA:0,render
DA:3,0
DA:6,0
DA:7,0
DA:16,0
DA:17,0
DA:18,0
DA:19,0
DA:23,0
DA:27,0
DA:28,0
DA:29,0
DA:30,0
DA:31,0
DA:32,0
DA:33,0
DA:34,0
DA:52,0
DA:73,0
DA:74,0
LF:19
LH:0
BRF:0
BRH:0
end_of_record
TN:
SF:src/components/layout/TheAuthLayout.vue
FN:6,render
FN:10,(anonymous_1)
FN:17,(anonymous_2)
FNF:3
FNH:0
FNDA:0,render
FNDA:0,(anonymous_1)
FNDA:0,(anonymous_2)
DA:2,0
DA:3,0
DA:4,0
DA:5,0
DA:7,0
DA:8,0
DA:11,0
DA:12,0
DA:17,0
DA:28,0
DA:29,0
LF:11
LH:0
BRF:0
BRH:0
end_of_record
TN:
SF:src/components/layout/TheFooter.vue
FN:8,(anonymous_0)
FN:15,(anonymous_1)
FN:105,render
FN:119,(anonymous_3)
FN:121,(anonymous_4)
FN:149,(anonymous_5)
FN:151,(anonymous_6)
FN:162,(anonymous_7)
FN:164,(anonymous_8)
FN:175,(anonymous_9)
FN:177,(anonymous_10)
FN:199,(anonymous_11)
FN:201,(anonymous_12)
FNF:13
FNH:0
FNDA:0,(anonymous_0)
FNDA:0,(anonymous_1)
FNDA:0,render
FNDA:0,(anonymous_3)
FNDA:0,(anonymous_4)
FNDA:0,(anonymous_5)
FNDA:0,(anonymous_6)
FNDA:0,(anonymous_7)
FNDA:0,(anonymous_8)
FNDA:0,(anonymous_9)
FNDA:0,(anonymous_10)
FNDA:0,(anonymous_11)
FNDA:0,(anonymous_12)
DA:3,0
DA:6,0
DA:7,0
DA:9,0
DA:16,0
DA:20,0
DA:21,0
DA:22,0
DA:23,0
DA:24,0
DA:25,0
DA:26,0
DA:27,0
DA:28,0
DA:29,0
DA:30,0
DA:31,0
DA:32,0
DA:33,0
DA:34,0
DA:35,0
DA:39,0
DA:43,0
DA:44,0
DA:45,0
DA:46,0
DA:47,0
DA:51,0
DA:55,0
DA:79,0
DA:80,0
DA:81,0
DA:82,0
DA:83,0
DA:87,0
DA:88,0
DA:89,0
DA:93,0
DA:97,0
DA:101,0
DA:106,0
DA:107,0
DA:108,0
DA:119,0
DA:121,0
DA:149,0
DA:151,0
DA:162,0
DA:164,0
DA:175,0
DA:177,0
DA:199,0
DA:201,0
DA:257,0
DA:258,0
LF:55
LH:0
BRDA:119,0,0,0
BRDA:119,0,1,0
BRDA:128,1,0,0
BRDA:128,1,1,0
BRDA:134,2,0,0
BRDA:134,2,1,0
BRDA:149,3,0,0
BRDA:149,3,1,0
BRDA:162,4,0,0
BRDA:162,4,1,0
BRDA:175,5,0,0
BRDA:175,5,1,0
BRDA:189,6,0,0
BRDA:189,6,1,0
BRDA:199,7,0,0
BRDA:199,7,1,0
BRDA:208,8,0,0
BRDA:208,8,1,0
BRDA:221,9,0,0
BRDA:221,9,1,0
BRF:20
BRH:0
end_of_record
TN:
SF:src/components/layout/TheMainPage.vue
FN:3,(anonymous_0)
FN:16,(anonymous_1)
FN:35,render
FN:41,(anonymous_3)
FN:48,(anonymous_4)
FNF:5
FNH:0
FNDA:0,(anonymous_0)
FNDA:0,(anonymous_1)
FNDA:0,render
FNDA:0,(anonymous_3)
FNDA:0,(anonymous_4)
DA:3,0
DA:4,0
DA:8,0
DA:11,0
DA:12,0
DA:13,0
DA:14,0
DA:17,0
DA:18,0
DA:19,0
DA:23,0
DA:27,0
DA:31,0
DA:32,0
DA:33,0
DA:34,0
DA:36,0
DA:37,0
DA:42,0
DA:43,0
DA:48,0
DA:61,0
DA:62,0
LF:23
LH:0
BRDA:3,0,0,0
BRDA:3,0,1,0
BRDA:3,0,2,0
BRDA:4,1,0,0
BRDA:4,1,1,0
BRDA:4,2,0,0
BRDA:4,2,1,0
BRF:7
BRH:0
end_of_record
TN:
SF:src/components/layout/TheNavigation.vue
FN:10,(anonymous_0)
FN:20,(anonymous_1)
FN:23,(anonymous_2)
FN:32,(anonymous_3)
FN:36,(anonymous_4)
FN:39,(anonymous_5)
FN:44,(anonymous_6)
FN:65,render
FN:75,(anonymous_8)
FN:95,(anonymous_9)
FN:112,(anonymous_10)
FN:117,(anonymous_11)
FN:127,(anonymous_12)
FN:132,(anonymous_13)
FN:142,(anonymous_14)
FN:147,(anonymous_15)
FN:157,(anonymous_16)
FN:162,(anonymous_17)
FN:175,(anonymous_18)
FN:177,(anonymous_19)
FN:185,(anonymous_20)
FN:204,(anonymous_21)
FN:206,(anonymous_22)
FN:218,(anonymous_23)
FN:220,(anonymous_24)
FN:230,(anonymous_25)
FN:232,(anonymous_26)
FN:242,(anonymous_27)
FN:244,(anonymous_28)
FNF:29
FNH:0
FNDA:0,(anonymous_0)
FNDA:0,(anonymous_1)
FNDA:0,(anonymous_2)
FNDA:0,(anonymous_3)
FNDA:0,(anonymous_4)
FNDA:0,(anonymous_5)
FNDA:0,(anonymous_6)
FNDA:0,render
FNDA:0,(anonymous_8)
FNDA:0,(anonymous_9)
FNDA:0,(anonymous_10)
FNDA:0,(anonymous_11)
FNDA:0,(anonymous_12)
FNDA:0,(anonymous_13)
FNDA:0,(anonymous_14)
FNDA:0,(anonymous_15)
FNDA:0,(anonymous_16)
FNDA:0,(anonymous_17)
FNDA:0,(anonymous_18)
FNDA:0,(anonymous_19)
FNDA:0,(anonymous_20)
FNDA:0,(anonymous_21)
FNDA:0,(anonymous_22)
FNDA:0,(anonymous_23)
FNDA:0,(anonymous_24)
FNDA:0,(anonymous_25)
FNDA:0,(anonymous_26)
FNDA:0,(anonymous_27)
FNDA:0,(anonymous_28)
DA:3,0
DA:6,0
DA:7,0
DA:8,0
DA:9,0
DA:11,0
DA:21,0
DA:24,0
DA:25,0
DA:33,0
DA:34,0
DA:37,0
DA:40,0
DA:45,0
DA:49,0
DA:50,0
DA:51,0
DA:52,0
DA:53,0
DA:54,0
DA:55,0
DA:56,0
DA:57,0
DA:58,0
DA:59,0
DA:63,0
DA:64,0
DA:66,0
DA:67,0
DA:68,0
DA:76,0
DA:77,0
DA:78,0
DA:80,0
DA:96,0
DA:97,0
DA:98,0
DA:100,0
DA:113,0
DA:114,0
DA:117,0
DA:128,0
DA:129,0
DA:132,0
DA:143,0
DA:144,0
DA:147,0
DA:158,0
DA:159,0
DA:162,0
DA:175,0
DA:177,0
DA:185,0
DA:204,0
DA:206,0
DA:218,0
DA:220,0
DA:230,0
DA:232,0
DA:242,0
DA:244,0
DA:253,0
DA:254,0
LF:63
LH:0
BRDA:73,0,0,0
BRDA:73,0,1,0
BRDA:80,1,0,0
BRDA:80,1,1,0
BRDA:89,2,0,0
BRDA:89,2,1,0
BRDA:93,3,0,0
BRDA:93,3,1,0
BRDA:100,4,0,0
BRDA:100,4,1,0
BRDA:112,5,0,0
BRDA:112,5,1,0
BRDA:127,6,0,0
BRDA:127,6,1,0
BRDA:142,7,0,0
BRDA:142,7,1,0
BRDA:157,8,0,0
BRDA:157,8,1,0
BRDA:175,9,0,0
BRDA:175,9,1,0
BRDA:185,10,0,0
BRDA:185,10,1,0
BRDA:198,11,0,0
BRDA:198,11,1,0
BRDA:204,12,0,0
BRDA:204,12,1,0
BRDA:212,13,0,0
BRDA:212,13,1,0
BRDA:218,14,0,0
BRDA:218,14,1,0
BRDA:230,15,0,0
BRDA:230,15,1,0
BRDA:242,16,0,0
BRDA:242,16,1,0
BRF:34
BRH:0
end_of_record
TN:
SF:src/components/ui/BaseSpinner.vue
FN:15,(anonymous_0)
FN:31,render
FNF:2
FNH:0
FNDA:0,(anonymous_0)
FNDA:0,render
DA:3,0
DA:6,0
DA:7,0
DA:16,0
DA:17,0
DA:18,0
DA:19,0
DA:23,0
DA:27,0
DA:28,0
DA:29,0
DA:30,0
DA:32,0
DA:37,0
DA:38,0
LF:15
LH:0
BRF:0
BRH:0
end_of_record
TN:
SF:src/components/ui/auth/BaseAuth.vue
FN:17,render
FN:26,(anonymous_1)
FNF:2
FNH:0
FNDA:0,render
FNDA:0,(anonymous_1)
DA:2,0
DA:3,0
DA:4,0
DA:5,0
DA:6,0
DA:7,0
DA:8,0
DA:18,0
DA:19,0
DA:26,0
DA:35,0
DA:36,0
LF:12
LH:0
BRF:0
BRH:0
end_of_record
TN:
SF:src/components/ui/auth/BaseButton.vue
FN:23,(anonymous_0)
FN:48,render
FN:57,(anonymous_2)
FNF:3
FNH:3
FNDA:2,(anonymous_0)
FNDA:2,render
FNDA:1,(anonymous_2)
DA:3,1
DA:6,1
DA:7,1
DA:24,2
DA:25,2
DA:26,2
DA:27,2
DA:31,2
DA:35,1
DA:36,1
DA:37,1
DA:38,1
DA:39,1
DA:44,1
DA:49,2
DA:50,2
DA:51,2
DA:57,1
DA:82,1
DA:83,1
LF:20
LH:20
BRDA:51,0,0,1
BRDA:51,0,1,1
BRDA:68,1,0,0
BRDA:68,1,1,1
BRF:4
BRH:3
end_of_record
TN:
SF:src/views/AboutView.vue
FN:10,render
FNF:1
FNH:1
FNDA:1,render
DA:2,1
DA:3,1
DA:4,1
DA:5,1
DA:6,1
DA:7,1
DA:11,1
DA:13,1
DA:14,1
LF:9
LH:9
BRF:0
BRH:0
end_of_record
TN:
SF:src/views/CartView.vue
FN:10,render
FNF:1
FNH:1
FNDA:1,render
DA:2,1
DA:3,1
DA:4,1
DA:5,1
DA:6,1
DA:7,1
DA:11,1
DA:13,1
DA:14,1
LF:9
LH:9
BRF:0
BRH:0
end_of_record
TN:
SF:src/views/CatalogView.vue
FN:10,render
FNF:1
FNH:1
FNDA:1,render
DA:2,1
DA:3,1
DA:4,1
DA:5,1
DA:6,1
DA:7,1
DA:11,1
DA:13,1
DA:14,1
LF:9
LH:9
BRF:0
BRH:0
end_of_record
TN:
SF:src/views/HomeView.vue
FN:3,(anonymous_0)
FN:36,render
FN:46,(anonymous_2)
FNF:3
FNH:2
FNDA:6,(anonymous_0)
FNDA:1,render
FNDA:0,(anonymous_2)
DA:3,1
DA:4,6
DA:8,1
DA:11,1
DA:12,1
DA:13,1
DA:14,1
DA:15,1
DA:16,1
DA:17,1
DA:18,1
DA:28,1
DA:29,1
DA:30,1
DA:31,1
DA:32,1
DA:33,1
DA:34,1
DA:35,1
DA:37,1
DA:38,1
DA:39,1
DA:40,1
DA:41,1
DA:42,1
DA:43,1
DA:46,0
DA:69,1
DA:70,1
LF:29
LH:28
BRDA:3,0,0,1
BRDA:3,0,1,1
BRDA:3,0,2,1
BRDA:4,1,0,6
BRDA:4,1,1,0
BRDA:4,2,0,6
BRDA:4,2,1,6
BRF:7
BRH:6
end_of_record
TN:
SF:src/views/NotFoundView.vue
FN:8,render
FN:17,(anonymous_1)
FNF:2
FNH:2
FNDA:1,render
FNDA:1,(anonymous_1)
DA:2,1
DA:3,1
DA:4,1
DA:5,1
DA:6,1
DA:7,1
DA:9,1
DA:10,1
DA:17,1
DA:25,1
DA:26,1
LF:11
LH:11
BRF:0
BRH:0
end_of_record
TN:
SF:src/views/ProductDetailView.vue
FN:10,render
FNF:1
FNH:0
FNDA:0,render
DA:2,0
DA:3,0
DA:4,0
DA:5,0
DA:6,0
DA:7,0
DA:11,0
DA:13,0
DA:14,0
LF:9
LH:0
BRF:0
BRH:0
end_of_record
TN:
SF:src/views/UserProfileView.vue
FN:10,render
FNF:1
FNH:0
FNDA:0,render
DA:2,0
DA:3,0
DA:4,0
DA:5,0
DA:6,0
DA:7,0
DA:11,0
DA:13,0
DA:14,0
LF:9
LH:0
BRF:0
BRH:0
end_of_record
TN:
SF:src/views/auth/UserLogin.vue
FN:5,(anonymous_0)
FN:6,adopt
FN:7,(anonymous_2)
FN:11,(anonymous_3)
FN:12,fulfilled
FN:19,rejected
FN:26,step
FN:32,(anonymous_7)
FN:35,(anonymous_8)
FN:50,(anonymous_9)
FN:53,verb
FN:54,(anonymous_11)
FN:58,step
FN:120,(anonymous_13)
FN:140,(anonymous_14)
FN:152,(anonymous_15)
FN:166,(anonymous_16)
FN:167,(anonymous_17)
FN:169,(anonymous_18)
FN:194,(anonymous_19)
FN:209,(anonymous_20)
FN:235,(anonymous_21)
FN:238,(anonymous_22)
FN:241,(anonymous_23)
FN:295,render
FN:302,(anonymous_25)
FN:314,(anonymous_26)
FN:317,(anonymous_27)
FN:350,(anonymous_28)
FN:353,(anonymous_29)
FN:381,(anonymous_30)
FN:390,(anonymous_31)
FN:401,(anonymous_32)
FNF:33
FNH:0
FNDA:0,(anonymous_0)
FNDA:0,adopt
FNDA:0,(anonymous_2)
FNDA:0,(anonymous_3)
FNDA:0,fulfilled
FNDA:0,rejected
FNDA:0,step
FNDA:0,(anonymous_7)
FNDA:0,(anonymous_8)
FNDA:0,(anonymous_9)
FNDA:0,verb
FNDA:0,(anonymous_11)
FNDA:0,step
FNDA:0,(anonymous_13)
FNDA:0,(anonymous_14)
FNDA:0,(anonymous_15)
FNDA:0,(anonymous_16)
FNDA:0,(anonymous_17)
FNDA:0,(anonymous_18)
FNDA:0,(anonymous_19)
FNDA:0,(anonymous_20)
FNDA:0,(anonymous_21)
FNDA:0,(anonymous_22)
FNDA:0,(anonymous_23)
FNDA:0,render
FNDA:0,(anonymous_25)
FNDA:0,(anonymous_26)
FNDA:0,(anonymous_27)
FNDA:0,(anonymous_28)
FNDA:0,(anonymous_29)
FNDA:0,(anonymous_30)
FNDA:0,(anonymous_31)
FNDA:0,(anonymous_32)
DA:5,0
DA:7,0
DA:8,0
DA:11,0
DA:13,0
DA:14,0
DA:16,0
DA:20,0
DA:21,0
DA:23,0
DA:27,0
DA:29,0
DA:32,0
DA:33,0
DA:36,0
DA:37,0
DA:46,0
DA:51,0
DA:54,0
DA:55,0
DA:59,0
DA:60,0
DA:61,0
DA:62,0
DA:63,0
DA:66,0
DA:67,0
DA:69,0
DA:70,0
DA:75,0
DA:76,0
DA:77,0
DA:78,0
DA:80,0
DA:81,0
DA:82,0
DA:84,0
DA:85,0
DA:86,0
DA:88,0
DA:89,0
DA:90,0
DA:92,0
DA:93,0
DA:94,0
DA:95,0
DA:97,0
DA:98,0
DA:99,0
DA:100,0
DA:102,0
DA:103,0
DA:104,0
DA:106,0
DA:108,0
DA:109,0
DA:111,0
DA:113,0
DA:114,0
DA:120,0
DA:121,0
DA:125,0
DA:128,0
DA:129,0
DA:130,0
DA:131,0
DA:132,0
DA:133,0
DA:134,0
DA:135,0
DA:136,0
DA:137,0
DA:138,0
DA:141,0
DA:142,0
DA:143,0
DA:144,0
DA:145,0
DA:146,0
DA:147,0
DA:151,0
DA:152,0
DA:153,0
DA:164,0
DA:166,0
DA:167,0
DA:169,0
DA:170,0
DA:172,0
DA:174,0
DA:175,0
DA:176,0
DA:179,0
DA:180,0
DA:182,0
DA:183,0
DA:188,0
DA:189,0
DA:195,0
DA:200,0
DA:202,0
DA:203,0
DA:204,0
DA:210,0
DA:211,0
DA:212,0
DA:213,0
DA:217,0
DA:219,0
DA:225,0
DA:236,0
DA:239,0
DA:242,0
DA:245,0
DA:249,0
DA:253,0
DA:254,0
DA:255,0
DA:256,0
DA:257,0
DA:258,0
DA:259,0
DA:260,0
DA:264,0
DA:265,0
DA:268,0
DA:272,0
DA:273,0
DA:276,0
DA:277,0
DA:278,0
DA:279,0
DA:283,0
DA:284,0
DA:287,0
DA:291,0
DA:292,0
DA:296,0
DA:297,0
DA:298,0
DA:299,0
DA:300,0
DA:302,0
DA:314,0
DA:319,0
DA:320,0
DA:321,0
DA:323,0
DA:350,0
DA:355,0
DA:356,0
DA:357,0
DA:359,0
DA:381,0
DA:390,0
DA:401,0
DA:416,0
DA:417,0
LF:158
LH:0
BRDA:5,0,0,0
BRDA:5,0,1,0
BRDA:5,0,2,0
BRDA:7,1,0,0
BRDA:7,1,1,0
BRDA:11,2,0,0
BRDA:11,2,1,0
BRDA:27,3,0,0
BRDA:27,3,1,0
BRDA:29,4,0,0
BRDA:29,4,1,0
BRDA:32,5,0,0
BRDA:32,5,1,0
BRDA:32,5,2,0
BRDA:36,6,0,0
BRDA:36,6,1,0
BRDA:50,7,0,0
BRDA:50,7,1,0
BRDA:59,8,0,0
BRDA:59,8,1,0
BRDA:61,9,0,0
BRDA:61,9,1,0
BRDA:61,10,0,0
BRDA:61,10,1,0
BRDA:61,10,2,0
BRDA:61,11,0,0
BRDA:61,11,1,0
BRDA:61,12,0,0
BRDA:61,12,1,0
BRDA:61,13,0,0
BRDA:61,13,1,0
BRDA:61,14,0,0
BRDA:61,14,1,0
BRDA:62,15,0,0
BRDA:62,15,1,0
BRDA:63,16,0,0
BRDA:63,16,1,0
BRDA:63,16,2,0
BRDA:63,16,3,0
BRDA:63,16,4,0
BRDA:63,16,5,0
BRDA:84,17,0,0
BRDA:84,17,1,0
BRDA:84,18,0,0
BRDA:84,18,1,0
BRDA:84,18,2,0
BRDA:84,19,0,0
BRDA:84,19,1,0
BRDA:88,20,0,0
BRDA:88,20,1,0
BRDA:88,21,0,0
BRDA:88,21,1,0
BRDA:88,21,2,0
BRDA:88,21,3,0
BRDA:92,22,0,0
BRDA:92,22,1,0
BRDA:92,23,0,0
BRDA:92,23,1,0
BRDA:97,24,0,0
BRDA:97,24,1,0
BRDA:97,25,0,0
BRDA:97,25,1,0
BRDA:102,26,0,0
BRDA:102,26,1,0
BRDA:113,27,0,0
BRDA:113,27,1,0
BRDA:115,28,0,0
BRDA:115,28,1,0
BRDA:120,29,0,0
BRDA:120,29,1,0
BRDA:120,29,2,0
BRDA:121,30,0,0
BRDA:121,30,1,0
BRDA:121,31,0,0
BRDA:121,31,1,0
BRDA:170,32,0,0
BRDA:170,32,1,0
BRDA:170,32,2,0
BRDA:170,32,3,0
BRDA:170,32,4,0
BRDA:170,32,5,0
BRDA:175,33,0,0
BRDA:175,33,1,0
BRDA:203,34,0,0
BRDA:203,34,1,0
BRDA:300,35,0,0
BRDA:300,35,1,0
BRDA:314,36,0,0
BRDA:314,36,1,0
BRDA:315,37,0,0
BRDA:315,37,1,0
BRDA:323,38,0,0
BRDA:323,38,1,0
BRDA:326,39,0,0
BRDA:326,39,1,0
BRDA:326,39,2,0
BRDA:326,39,3,0
BRDA:337,40,0,0
BRDA:337,40,1,0
BRDA:337,41,0,0
BRDA:337,41,1,0
BRDA:339,42,0,0
BRDA:339,42,1,0
BRDA:339,43,0,0
BRDA:339,43,1,0
BRDA:348,44,0,0
BRDA:348,44,1,0
BRDA:350,45,0,0
BRDA:350,45,1,0
BRDA:351,46,0,0
BRDA:351,46,1,0
BRDA:359,47,0,0
BRDA:359,47,1,0
BRDA:362,48,0,0
BRDA:362,48,1,0
BRDA:362,48,2,0
BRDA:362,48,3,0
BRDA:373,49,0,0
BRDA:373,49,1,0
BRDA:377,50,0,0
BRDA:377,50,1,0
BRDA:377,50,2,0
BRDA:377,50,3,0
BRDA:381,51,0,0
BRDA:381,51,1,0
BRDA:386,52,0,0
BRDA:386,52,1,0
BRDA:386,52,2,0
BRDA:386,52,3,0
BRDA:390,53,0,0
BRDA:390,53,1,0
BRDA:393,54,0,0
BRDA:393,54,1,0
BRDA:393,55,0,0
BRDA:393,55,1,0
BRDA:395,56,0,0
BRDA:395,56,1,0
BRDA:395,57,0,0
BRDA:395,57,1,0
BRF:139
BRH:0
end_of_record
TN:
SF:src/views/auth/UserRegistration.vue
FN:5,(anonymous_0)
FN:6,adopt
FN:7,(anonymous_2)
FN:11,(anonymous_3)
FN:12,fulfilled
FN:19,rejected
FN:26,step
FN:32,(anonymous_7)
FN:35,(anonymous_8)
FN:50,(anonymous_9)
FN:53,verb
FN:54,(anonymous_11)
FN:58,step
FN:120,(anonymous_13)
FN:145,(anonymous_14)
FN:209,(anonymous_15)
FN:212,(anonymous_16)
FN:277,(anonymous_17)
FN:280,(anonymous_18)
FN:282,(anonymous_19)
FN:288,(anonymous_20)
FN:290,(anonymous_21)
FN:295,(anonymous_22)
FN:297,(anonymous_23)
FN:304,(anonymous_24)
FN:306,(anonymous_25)
FN:309,(anonymous_26)
FN:311,(anonymous_27)
FN:314,(anonymous_28)
FN:316,(anonymous_29)
FN:326,validateBillingPostalCode
FN:334,validateShippingPostalCode
FN:342,goToStep
FN:356,setBillingCountry
FN:361,setShippingCountry
FN:366,setShippingDataAsBilling
FN:393,submitHandler
FN:394,(anonymous_37)
FN:396,(anonymous_38)
FN:417,(anonymous_39)
FN:432,(anonymous_40)
FN:458,(anonymous_41)
FN:473,(anonymous_42)
FN:517,(anonymous_43)
FN:520,(anonymous_44)
FN:523,(anonymous_45)
FN:526,(anonymous_46)
FN:529,(anonymous_47)
FN:532,(anonymous_48)
FN:535,(anonymous_49)
FN:796,render
FN:803,(anonymous_51)
FN:811,(anonymous_52)
FN:820,(anonymous_53)
FN:823,(anonymous_54)
FN:853,(anonymous_55)
FN:856,(anonymous_56)
FN:886,(anonymous_57)
FN:889,(anonymous_58)
FN:922,(anonymous_59)
FN:925,(anonymous_60)
FN:953,(anonymous_61)
FN:962,(anonymous_62)
FN:976,(anonymous_63)
FN:983,(anonymous_64)
FN:1037,(anonymous_65)
FN:1040,(anonymous_66)
FN:1068,(anonymous_67)
FN:1071,(anonymous_68)
FN:1108,(anonymous_69)
FN:1111,(anonymous_70)
FN:1139,(anonymous_71)
FN:1142,(anonymous_72)
FN:1217,(anonymous_73)
FN:1220,(anonymous_74)
FN:1250,(anonymous_75)
FN:1253,(anonymous_76)
FN:1291,(anonymous_77)
FN:1294,(anonymous_78)
FN:1329,(anonymous_79)
FN:1332,(anonymous_80)
FN:1375,(anonymous_81)
FN:1391,(anonymous_82)
FN:1394,(anonymous_83)
FN:1401,(anonymous_84)
FN:1403,(anonymous_85)
FN:1409,(anonymous_86)
FNF:87
FNH:0
FNDA:0,(anonymous_0)
FNDA:0,adopt
FNDA:0,(anonymous_2)
FNDA:0,(anonymous_3)
FNDA:0,fulfilled
FNDA:0,rejected
FNDA:0,step
FNDA:0,(anonymous_7)
FNDA:0,(anonymous_8)
FNDA:0,(anonymous_9)
FNDA:0,verb
FNDA:0,(anonymous_11)
FNDA:0,step
FNDA:0,(anonymous_13)
FNDA:0,(anonymous_14)
FNDA:0,(anonymous_15)
FNDA:0,(anonymous_16)
FNDA:0,(anonymous_17)
FNDA:0,(anonymous_18)
FNDA:0,(anonymous_19)
FNDA:0,(anonymous_20)
FNDA:0,(anonymous_21)
FNDA:0,(anonymous_22)
FNDA:0,(anonymous_23)
FNDA:0,(anonymous_24)
FNDA:0,(anonymous_25)
FNDA:0,(anonymous_26)
FNDA:0,(anonymous_27)
FNDA:0,(anonymous_28)
FNDA:0,(anonymous_29)
FNDA:0,validateBillingPostalCode
FNDA:0,validateShippingPostalCode
FNDA:0,goToStep
FNDA:0,setBillingCountry
FNDA:0,setShippingCountry
FNDA:0,setShippingDataAsBilling
FNDA:0,submitHandler
FNDA:0,(anonymous_37)
FNDA:0,(anonymous_38)
FNDA:0,(anonymous_39)
FNDA:0,(anonymous_40)
FNDA:0,(anonymous_41)
FNDA:0,(anonymous_42)
FNDA:0,(anonymous_43)
FNDA:0,(anonymous_44)
FNDA:0,(anonymous_45)
FNDA:0,(anonymous_46)
FNDA:0,(anonymous_47)
FNDA:0,(anonymous_48)
FNDA:0,(anonymous_49)
FNDA:0,render
FNDA:0,(anonymous_51)
FNDA:0,(anonymous_52)
FNDA:0,(anonymous_53)
FNDA:0,(anonymous_54)
FNDA:0,(anonymous_55)
FNDA:0,(anonymous_56)
FNDA:0,(anonymous_57)
FNDA:0,(anonymous_58)
FNDA:0,(anonymous_59)
FNDA:0,(anonymous_60)
FNDA:0,(anonymous_61)
FNDA:0,(anonymous_62)
FNDA:0,(anonymous_63)
FNDA:0,(anonymous_64)
FNDA:0,(anonymous_65)
FNDA:0,(anonymous_66)
FNDA:0,(anonymous_67)
FNDA:0,(anonymous_68)
FNDA:0,(anonymous_69)
FNDA:0,(anonymous_70)
FNDA:0,(anonymous_71)
FNDA:0,(anonymous_72)
FNDA:0,(anonymous_73)
FNDA:0,(anonymous_74)
FNDA:0,(anonymous_75)
FNDA:0,(anonymous_76)
FNDA:0,(anonymous_77)
FNDA:0,(anonymous_78)
FNDA:0,(anonymous_79)
FNDA:0,(anonymous_80)
FNDA:0,(anonymous_81)
FNDA:0,(anonymous_82)
FNDA:0,(anonymous_83)
FNDA:0,(anonymous_84)
FNDA:0,(anonymous_85)
FNDA:0,(anonymous_86)
DA:5,0
DA:7,0
DA:8,0
DA:11,0
DA:13,0
DA:14,0
DA:16,0
DA:20,0
DA:21,0
DA:23,0
DA:27,0
DA:29,0
DA:32,0
DA:33,0
DA:36,0
DA:37,0
DA:46,0
DA:51,0
DA:54,0
DA:55,0
DA:59,0
DA:60,0
DA:61,0
DA:62,0
DA:63,0
DA:66,0
DA:67,0
DA:69,0
DA:70,0
DA:75,0
DA:76,0
DA:77,0
DA:78,0
DA:80,0
DA:81,0
DA:82,0
DA:84,0
DA:85,0
DA:86,0
DA:88,0
DA:89,0
DA:90,0
DA:92,0
DA:93,0
DA:94,0
DA:95,0
DA:97,0
DA:98,0
DA:99,0
DA:100,0
DA:102,0
DA:103,0
DA:104,0
DA:106,0
DA:108,0
DA:109,0
DA:111,0
DA:113,0
DA:114,0
DA:120,0
DA:121,0
DA:125,0
DA:128,0
DA:129,0
DA:130,0
DA:131,0
DA:132,0
DA:133,0
DA:134,0
DA:135,0
DA:136,0
DA:137,0
DA:138,0
DA:139,0
DA:140,0
DA:141,0
DA:142,0
DA:143,0
DA:146,0
DA:147,0
DA:148,0
DA:149,0
DA:150,0
DA:151,0
DA:152,0
DA:153,0
DA:156,0
DA:157,0
DA:161,0
DA:167,0
DA:174,0
DA:184,0
DA:185,0
DA:209,0
DA:210,0
DA:212,0
DA:213,0
DA:276,0
DA:277,0
DA:278,0
DA:280,0
DA:281,0
DA:283,0
DA:284,0
DA:285,0
DA:288,0
DA:289,0
DA:291,0
DA:292,0
DA:293,0
DA:295,0
DA:296,0
DA:298,0
DA:299,0
DA:300,0
DA:301,0
DA:304,0
DA:305,0
DA:307,0
DA:309,0
DA:310,0
DA:312,0
DA:314,0
DA:315,0
DA:317,0
DA:318,0
DA:319,0
DA:320,0
DA:321,0
DA:322,0
DA:323,0
DA:327,0
DA:328,0
DA:329,0
DA:330,0
DA:332,0
DA:335,0
DA:336,0
DA:337,0
DA:338,0
DA:340,0
DA:343,0
DA:344,0
DA:345,0
DA:346,0
DA:347,0
DA:348,0
DA:350,0
DA:351,0
DA:353,0
DA:354,0
DA:357,0
DA:358,0
DA:359,0
DA:362,0
DA:363,0
DA:364,0
DA:367,0
DA:394,0
DA:396,0
DA:397,0
DA:399,0
DA:400,0
DA:402,0
DA:403,0
DA:404,0
DA:405,0
DA:407,0
DA:408,0
DA:410,0
DA:411,0
DA:412,0
DA:418,0
DA:423,0
DA:425,0
DA:426,0
DA:427,0
DA:433,0
DA:434,0
DA:438,0
DA:440,0
DA:442,0
DA:444,0
DA:445,0
DA:446,0
DA:447,0
DA:449,0
DA:450,0
DA:452,0
DA:453,0
DA:459,0
DA:464,0
DA:466,0
DA:467,0
DA:468,0
DA:474,0
DA:475,0
DA:479,0
DA:481,0
DA:487,0
DA:518,0
DA:521,0
DA:524,0
DA:527,0
DA:530,0
DA:533,0
DA:536,0
DA:539,0
DA:543,0
DA:547,0
DA:548,0
DA:549,0
DA:550,0
DA:551,0
DA:555,0
DA:556,0
DA:559,0
DA:563,0
DA:564,0
DA:567,0
DA:568,0
DA:571,0
DA:575,0
DA:576,0
DA:579,0
DA:580,0
DA:581,0
DA:585,0
DA:586,0
DA:589,0
DA:593,0
DA:594,0
DA:597,0
DA:598,0
DA:602,0
DA:603,0
DA:607,0
DA:608,0
DA:611,0
DA:615,0
DA:616,0
DA:619,0
DA:620,0
DA:621,0
DA:625,0
DA:626,0
DA:629,0
DA:633,0
DA:634,0
DA:637,0
DA:641,0
DA:642,0
DA:646,0
DA:647,0
DA:650,0
DA:654,0
DA:655,0
DA:658,0
DA:662,0
DA:663,0
DA:664,0
DA:665,0
DA:669,0
DA:670,0
DA:673,0
DA:674,0
DA:678,0
DA:679,0
DA:682,0
DA:683,0
DA:684,0
DA:688,0
DA:689,0
DA:692,0
DA:693,0
DA:697,0
DA:698,0
DA:701,0
DA:702,0
DA:703,0
DA:707,0
DA:708,0
DA:711,0
DA:715,0
DA:716,0
DA:719,0
DA:720,0
DA:721,0
DA:722,0
DA:726,0
DA:727,0
DA:730,0
DA:734,0
DA:735,0
DA:738,0
DA:739,0
DA:743,0
DA:744,0
DA:747,0
DA:751,0
DA:752,0
DA:755,0
DA:756,0
DA:757,0
DA:758,0
DA:762,0
DA:763,0
DA:766,0
DA:770,0
DA:771,0
DA:774,0
DA:775,0
DA:779,0
DA:780,0
DA:783,0
DA:787,0
DA:788,0
DA:791,0
DA:795,0
DA:797,0
DA:798,0
DA:799,0
DA:800,0
DA:801,0
DA:803,0
DA:811,0
DA:820,0
DA:825,0
DA:826,0
DA:827,0
DA:829,0
DA:853,0
DA:858,0
DA:859,0
DA:860,0
DA:862,0
DA:886,0
DA:891,0
DA:892,0
DA:893,0
DA:895,0
DA:922,0
DA:927,0
DA:928,0
DA:929,0
DA:931,0
DA:953,0
DA:962,0
DA:976,0
DA:985,0
DA:986,0
DA:987,0
DA:989,0
DA:1037,0
DA:1042,0
DA:1043,0
DA:1044,0
DA:1046,0
DA:1068,0
DA:1073,0
DA:1074,0
DA:1075,0
DA:1077,0
DA:1108,0
DA:1113,0
DA:1114,0
DA:1115,0
DA:1117,0
DA:1139,0
DA:1144,0
DA:1145,0
DA:1146,0
DA:1148,0
DA:1217,0
DA:1222,0
DA:1223,0
DA:1224,0
DA:1226,0
DA:1250,0
DA:1255,0
DA:1256,0
DA:1257,0
DA:1259,0
DA:1291,0
DA:1296,0
DA:1297,0
DA:1298,0
DA:1300,0
DA:1329,0
DA:1334,0
DA:1335,0
DA:1336,0
DA:1338,0
DA:1375,0
DA:1391,0
DA:1394,0
DA:1401,0
DA:1403,0
DA:1409,0
DA:1426,0
DA:1427,0
LF:401
LH:0
BRDA:5,0,0,0
BRDA:5,0,1,0
BRDA:5,0,2,0
BRDA:7,1,0,0
BRDA:7,1,1,0
BRDA:11,2,0,0
BRDA:11,2,1,0
BRDA:27,3,0,0
BRDA:27,3,1,0
BRDA:29,4,0,0
BRDA:29,4,1,0
BRDA:32,5,0,0
BRDA:32,5,1,0
BRDA:32,5,2,0
BRDA:36,6,0,0
BRDA:36,6,1,0
BRDA:50,7,0,0
BRDA:50,7,1,0
BRDA:59,8,0,0
BRDA:59,8,1,0
BRDA:61,9,0,0
BRDA:61,9,1,0
BRDA:61,10,0,0
BRDA:61,10,1,0
BRDA:61,10,2,0
BRDA:61,11,0,0
BRDA:61,11,1,0
BRDA:61,12,0,0
BRDA:61,12,1,0
BRDA:61,13,0,0
BRDA:61,13,1,0
BRDA:61,14,0,0
BRDA:61,14,1,0
BRDA:62,15,0,0
BRDA:62,15,1,0
BRDA:63,16,0,0
BRDA:63,16,1,0
BRDA:63,16,2,0
BRDA:63,16,3,0
BRDA:63,16,4,0
BRDA:63,16,5,0
BRDA:84,17,0,0
BRDA:84,17,1,0
BRDA:84,18,0,0
BRDA:84,18,1,0
BRDA:84,18,2,0
BRDA:84,19,0,0
BRDA:84,19,1,0
BRDA:88,20,0,0
BRDA:88,20,1,0
BRDA:88,21,0,0
BRDA:88,21,1,0
BRDA:88,21,2,0
BRDA:88,21,3,0
BRDA:92,22,0,0
BRDA:92,22,1,0
BRDA:92,23,0,0
BRDA:92,23,1,0
BRDA:97,24,0,0
BRDA:97,24,1,0
BRDA:97,25,0,0
BRDA:97,25,1,0
BRDA:102,26,0,0
BRDA:102,26,1,0
BRDA:113,27,0,0
BRDA:113,27,1,0
BRDA:115,28,0,0
BRDA:115,28,1,0
BRDA:120,29,0,0
BRDA:120,29,1,0
BRDA:120,29,2,0
BRDA:121,30,0,0
BRDA:121,30,1,0
BRDA:121,31,0,0
BRDA:121,31,1,0
BRDA:284,32,0,0
BRDA:284,32,1,0
BRDA:298,33,0,0
BRDA:298,33,1,0
BRDA:317,34,0,0
BRDA:317,34,1,0
BRDA:327,35,0,0
BRDA:327,35,1,0
BRDA:329,36,0,0
BRDA:329,36,1,0
BRDA:335,37,0,0
BRDA:335,37,1,0
BRDA:337,38,0,0
BRDA:337,38,1,0
BRDA:343,39,0,0
BRDA:343,39,1,0
BRDA:350,40,0,0
BRDA:350,40,1,0
BRDA:350,41,0,0
BRDA:350,41,1,0
BRDA:354,42,0,0
BRDA:354,42,1,0
BRDA:397,43,0,0
BRDA:397,43,1,0
BRDA:397,43,2,0
BRDA:397,43,3,0
BRDA:397,43,4,0
BRDA:397,43,5,0
BRDA:397,43,6,0
BRDA:397,43,7,0
BRDA:397,43,8,0
BRDA:397,43,9,0
BRDA:397,43,10,0
BRDA:397,43,11,0
BRDA:399,44,0,0
BRDA:399,44,1,0
BRDA:403,45,0,0
BRDA:403,45,1,0
BRDA:426,46,0,0
BRDA:426,46,1,0
BRDA:445,47,0,0
BRDA:445,47,1,0
BRDA:467,48,0,0
BRDA:467,48,1,0
BRDA:801,49,0,0
BRDA:801,49,1,0
BRDA:812,50,0,0
BRDA:812,50,1,0
BRDA:820,51,0,0
BRDA:820,51,1,0
BRDA:821,52,0,0
BRDA:821,52,1,0
BRDA:829,53,0,0
BRDA:829,53,1,0
BRDA:832,54,0,0
BRDA:832,54,1,0
BRDA:832,54,2,0
BRDA:832,54,3,0
BRDA:843,55,0,0
BRDA:843,55,1,0
BRDA:843,56,0,0
BRDA:843,56,1,0
BRDA:853,57,0,0
BRDA:853,57,1,0
BRDA:854,58,0,0
BRDA:854,58,1,0
BRDA:862,59,0,0
BRDA:862,59,1,0
BRDA:865,60,0,0
BRDA:865,60,1,0
BRDA:865,60,2,0
BRDA:865,60,3,0
BRDA:876,61,0,0
BRDA:876,61,1,0
BRDA:876,62,0,0
BRDA:876,62,1,0
BRDA:886,63,0,0
BRDA:886,63,1,0
BRDA:887,64,0,0
BRDA:887,64,1,0
BRDA:895,65,0,0
BRDA:895,65,1,0
BRDA:898,66,0,0
BRDA:898,66,1,0
BRDA:898,66,2,0
BRDA:898,66,3,0
BRDA:909,67,0,0
BRDA:909,67,1,0
BRDA:909,68,0,0
BRDA:909,68,1,0
BRDA:911,69,0,0
BRDA:911,69,1,0
BRDA:911,70,0,0
BRDA:911,70,1,0
BRDA:920,71,0,0
BRDA:920,71,1,0
BRDA:922,72,0,0
BRDA:922,72,1,0
BRDA:923,73,0,0
BRDA:923,73,1,0
BRDA:931,74,0,0
BRDA:931,74,1,0
BRDA:934,75,0,0
BRDA:934,75,1,0
BRDA:934,75,2,0
BRDA:934,75,3,0
BRDA:945,76,0,0
BRDA:945,76,1,0
BRDA:949,77,0,0
BRDA:949,77,1,0
BRDA:949,77,2,0
BRDA:949,77,3,0
BRDA:953,78,0,0
BRDA:953,78,1,0
BRDA:958,79,0,0
BRDA:958,79,1,0
BRDA:958,79,2,0
BRDA:958,79,3,0
BRDA:962,80,0,0
BRDA:962,80,1,0
BRDA:965,81,0,0
BRDA:965,81,1,0
BRDA:965,82,0,0
BRDA:965,82,1,0
BRDA:967,83,0,0
BRDA:967,83,1,0
BRDA:967,84,0,0
BRDA:967,84,1,0
BRDA:976,85,0,0
BRDA:976,85,1,0
BRDA:981,86,0,0
BRDA:981,86,1,0
BRDA:989,87,0,0
BRDA:989,87,1,0
BRDA:992,88,0,0
BRDA:992,88,1,0
BRDA:992,88,2,0
BRDA:992,88,3,0
BRDA:992,88,4,0
BRDA:992,88,5,0
BRDA:992,88,6,0
BRDA:994,89,0,0
BRDA:994,89,1,0
BRDA:994,90,0,0
BRDA:994,90,1,0
BRDA:995,91,0,0
BRDA:995,91,1,0
BRDA:997,92,0,0
BRDA:997,92,1,0
BRDA:997,93,0,0
BRDA:997,93,1,0
BRDA:998,94,0,0
BRDA:998,94,1,0
BRDA:1000,95,0,0
BRDA:1000,95,1,0
BRDA:1000,96,0,0
BRDA:1000,96,1,0
BRDA:1010,97,0,0
BRDA:1010,97,1,0
BRDA:1010,98,0,0
BRDA:1010,98,1,0
BRDA:1012,99,0,0
BRDA:1012,99,1,0
BRDA:1012,100,0,0
BRDA:1012,100,1,0
BRDA:1014,101,0,0
BRDA:1014,101,1,0
BRDA:1014,102,0,0
BRDA:1014,102,1,0
BRDA:1014,103,0,0
BRDA:1014,103,1,0
BRDA:1015,104,0,0
BRDA:1015,104,1,0
BRDA:1020,105,0,0
BRDA:1020,105,1,0
BRDA:1020,106,0,0
BRDA:1020,106,1,0
BRDA:1022,107,0,0
BRDA:1022,107,1,0
BRDA:1022,108,0,0
BRDA:1022,108,1,0
BRDA:1022,109,0,0
BRDA:1022,109,1,0
BRDA:1037,110,0,0
BRDA:1037,110,1,0
BRDA:1038,111,0,0
BRDA:1038,111,1,0
BRDA:1046,112,0,0
BRDA:1046,112,1,0
BRDA:1049,113,0,0
BRDA:1049,113,1,0
BRDA:1059,114,0,0
BRDA:1059,114,1,0
BRDA:1059,115,0,0
BRDA:1059,115,1,0
BRDA:1068,116,0,0
BRDA:1068,116,1,0
BRDA:1069,117,0,0
BRDA:1069,117,1,0
BRDA:1077,118,0,0
BRDA:1077,118,1,0
BRDA:1081,119,0,0
BRDA:1081,119,1,0
BRDA:1081,119,2,0
BRDA:1094,120,0,0
BRDA:1094,120,1,0
BRDA:1094,121,0,0
BRDA:1094,121,1,0
BRDA:1094,121,2,0
BRDA:1108,122,0,0
BRDA:1108,122,1,0
BRDA:1109,123,0,0
BRDA:1109,123,1,0
BRDA:1117,124,0,0
BRDA:1117,124,1,0
BRDA:1120,125,0,0
BRDA:1120,125,1,0
BRDA:1130,126,0,0
BRDA:1130,126,1,0
BRDA:1130,127,0,0
BRDA:1130,127,1,0
BRDA:1139,128,0,0
BRDA:1139,128,1,0
BRDA:1140,129,0,0
BRDA:1140,129,1,0
BRDA:1148,130,0,0
BRDA:1148,130,1,0
BRDA:1152,131,0,0
BRDA:1152,131,1,0
BRDA:1152,131,2,0
BRDA:1165,132,0,0
BRDA:1165,132,1,0
BRDA:1165,133,0,0
BRDA:1165,133,1,0
BRDA:1165,133,2,0
BRDA:1181,134,0,0
BRDA:1181,134,1,0
BRDA:1184,135,0,0
BRDA:1184,135,1,0
BRDA:1184,136,0,0
BRDA:1184,136,1,0
BRDA:1195,137,0,0
BRDA:1195,137,1,0
BRDA:1195,137,2,0
BRDA:1201,138,0,0
BRDA:1201,138,1,0
BRDA:1201,139,0,0
BRDA:1201,139,1,0
BRDA:1201,139,2,0
BRDA:1217,140,0,0
BRDA:1217,140,1,0
BRDA:1218,141,0,0
BRDA:1218,141,1,0
BRDA:1226,142,0,0
BRDA:1226,142,1,0
BRDA:1229,143,0,0
BRDA:1229,143,1,0
BRDA:1229,143,2,0
BRDA:1229,143,3,0
BRDA:1237,144,0,0
BRDA:1237,144,1,0
BRDA:1237,145,0,0
BRDA:1237,145,1,0
BRDA:1239,146,0,0
BRDA:1239,146,1,0
BRDA:1239,147,0,0
BRDA:1239,147,1,0
BRDA:1250,148,0,0
BRDA:1250,148,1,0
BRDA:1251,149,0,0
BRDA:1251,149,1,0
BRDA:1259,150,0,0
BRDA:1259,150,1,0
BRDA:1262,151,0,0
BRDA:1262,151,1,0
BRDA:1262,151,2,0
BRDA:1262,151,3,0
BRDA:1262,151,4,0
BRDA:1262,151,5,0
BRDA:1268,152,0,0
BRDA:1268,152,1,0
BRDA:1270,153,0,0
BRDA:1270,153,1,0
BRDA:1274,154,0,0
BRDA:1274,154,1,0
BRDA:1274,155,0,0
BRDA:1274,155,1,0
BRDA:1274,155,2,0
BRDA:1278,156,0,0
BRDA:1278,156,1,0
BRDA:1278,157,0,0
BRDA:1278,157,1,0
BRDA:1278,157,2,0
BRDA:1291,158,0,0
BRDA:1291,158,1,0
BRDA:1292,159,0,0
BRDA:1292,159,1,0
BRDA:1300,160,0,0
BRDA:1300,160,1,0
BRDA:1303,161,0,0
BRDA:1303,161,1,0
BRDA:1303,161,2,0
BRDA:1303,161,3,0
BRDA:1318,162,0,0
BRDA:1318,162,1,0
BRDA:1318,163,0,0
BRDA:1318,163,1,0
BRDA:1320,164,0,0
BRDA:1320,164,1,0
BRDA:1320,165,0,0
BRDA:1320,165,1,0
BRDA:1329,166,0,0
BRDA:1329,166,1,0
BRDA:1330,167,0,0
BRDA:1330,167,1,0
BRDA:1338,168,0,0
BRDA:1338,168,1,0
BRDA:1341,169,0,0
BRDA:1341,169,1,0
BRDA:1341,169,2,0
BRDA:1341,169,3,0
BRDA:1341,169,4,0
BRDA:1341,169,5,0
BRDA:1347,170,0,0
BRDA:1347,170,1,0
BRDA:1349,171,0,0
BRDA:1349,171,1,0
BRDA:1359,172,0,0
BRDA:1359,172,1,0
BRDA:1359,173,0,0
BRDA:1359,173,1,0
BRDA:1359,173,2,0
BRDA:1363,174,0,0
BRDA:1363,174,1,0
BRDA:1363,175,0,0
BRDA:1363,175,1,0
BRDA:1363,175,2,0
BRDA:1371,176,0,0
BRDA:1371,176,1,0
BRDA:1375,177,0,0
BRDA:1375,177,1,0
BRDA:1378,178,0,0
BRDA:1378,178,1,0
BRDA:1388,179,0,0
BRDA:1388,179,1,0
BRDA:1391,180,0,0
BRDA:1391,180,1,0
BRDA:1401,181,0,0
BRDA:1401,181,1,0
BRF:424
BRH:0
end_of_record
